0 info it worked if it ends with ok
1 verbose cli [
1 verbose cli   'C:\\Program Files\\nodejs\\node.exe',
1 verbose cli   'C:\\Users\\david\\OneDrive\\Escritorio\\NucampFolder\\2-Bootstrap\\Colombia-travel\\node_modules\\npm\\bin\\npm-cli.js',
1 verbose cli   'run',
1 verbose cli   'usemin'
1 verbose cli ]
2 info using npm@2.15.12
3 info using node@v16.17.1
4 verbose run-script [ 'preusemin', 'usemin', 'postusemin' ]
5 info preusemin colombia-travel@1.0.0
6 info usemin colombia-travel@1.0.0
7 verbose unsafe-perm in lifecycle true
8 info colombia-travel@1.0.0 Failed to exec usemin script
9 verbose stack Error: colombia-travel@1.0.0 usemin: `usemin cartagena.html -d dist --htmlmin -o dist/cartagena.html && usemin aboutus.html -d dist --htmlmin -o dist/aboutus.html && usemin index.html -d dist --htmlmin -o dist/index.html  && usemin medellin.html -d dist --htmlmin -o dist/medellin.html  && usemin san-andres.html -d dist --htmlmin -o dist/san-andres.html`
9 verbose stack Exit status 1
9 verbose stack     at EventEmitter.<anonymous> (C:\Users\david\OneDrive\Escritorio\NucampFolder\2-Bootstrap\Colombia-travel\node_modules\npm\lib\utils\lifecycle.js:217:16)
9 verbose stack     at EventEmitter.emit (node:events:513:28)
9 verbose stack     at ChildProcess.<anonymous> (C:\Users\david\OneDrive\Escritorio\NucampFolder\2-Bootstrap\Colombia-travel\node_modules\npm\lib\utils\spawn.js:24:14)
9 verbose stack     at ChildProcess.emit (node:events:513:28)
9 verbose stack     at maybeClose (node:internal/child_process:1093:16)
9 verbose stack     at Process.ChildProcess._handle.onexit (node:internal/child_process:302:5)
10 verbose pkgid colombia-travel@1.0.0
11 verbose cwd C:\Users\david\OneDrive\Escritorio\NucampFolder\2-Bootstrap\Colombia-travel
12 error Windows_NT 10.0.19044
13 error argv "C:\\Program Files\\nodejs\\node.exe" "C:\\Users\\david\\OneDrive\\Escritorio\\NucampFolder\\2-Bootstrap\\Colombia-travel\\node_modules\\npm\\bin\\npm-cli.js" "run" "usemin"
14 error node v16.17.1
15 error npm  v2.15.12
16 error code ELIFECYCLE
17 error colombia-travel@1.0.0 usemin: `usemin cartagena.html -d dist --htmlmin -o dist/cartagena.html && usemin aboutus.html -d dist --htmlmin -o dist/aboutus.html && usemin index.html -d dist --htmlmin -o dist/index.html  && usemin medellin.html -d dist --htmlmin -o dist/medellin.html  && usemin san-andres.html -d dist --htmlmin -o dist/san-andres.html`
17 error Exit status 1
18 error Failed at the colombia-travel@1.0.0 usemin script 'usemin cartagena.html -d dist --htmlmin -o dist/cartagena.html && usemin aboutus.html -d dist --htmlmin -o dist/aboutus.html && usemin index.html -d dist --htmlmin -o dist/index.html  && usemin medellin.html -d dist --htmlmin -o dist/medellin.html  && usemin san-andres.html -d dist --htmlmin -o dist/san-andres.html'.
18 error This is most likely a problem with the colombia-travel package,
18 error not with npm itself.
18 error Tell the author that this fails on your system:
18 error     usemin cartagena.html -d dist --htmlmin -o dist/cartagena.html && usemin aboutus.html -d dist --htmlmin -o dist/aboutus.html && usemin index.html -d dist --htmlmin -o dist/index.html  && usemin medellin.html -d dist --htmlmin -o dist/medellin.html  && usemin san-andres.html -d dist --htmlmin -o dist/san-andres.html
18 error You can get information on how to open an issue for this project with:
18 error     npm bugs colombia-travel
18 error Or if that isn't available, you can get their info via:
18 error
18 error     npm owner ls colombia-travel
18 error There is likely additional logging output above.
19 verbose exit [ 1, true ]
